2022-09-09 11:48:24,935 INFO o.s.b.StartupInfoLogger [restartedMain] Starting LogbackApplication using Java 11.0.14 on PBKN-PC with PID 8568 (C:\Users\Admin\git\Logback\target\classes started by PBKN in C:\Users\Admin\git\Logback)
2022-09-09 11:48:24,939 DEBUG o.s.b.StartupInfoLogger [restartedMain] Running with Spring Boot v2.7.2, Spring v5.3.22
2022-09-09 11:48:24,942 INFO o.s.b.SpringApplication [restartedMain] No active profile set, falling back to 1 default profile: "default"
2022-09-09 11:48:25,014 INFO o.s.b.l.DeferredLog [restartedMain] Devtools property defaults active! Set 'spring.devtools.add-properties' to 'false' to disable
2022-09-09 11:48:26,823 INFO o.s.b.d.a.OptionalLiveReloadServer [restartedMain] LiveReload server is running on port 35729
2022-09-09 11:48:26,870 INFO o.s.b.StartupInfoLogger [restartedMain] Started LogbackApplication in 2.522 seconds (JVM running for 4.627)
2022-09-09 11:48:26,884 DEBUG c.e.l.a.LoggingAspect [restartedMain] Execution of LogbackApplication.run - Started
2022-09-09 11:48:26,907 DEBUG c.e.l.a.LoggingAspect [restartedMain] Execution of LogbackServiceImpl.runServiceCall - Started
2022-09-09 11:48:27,006 TRACE c.e.l.s.LogbackServiceImpl [restartedMain] Logback Sheet successfully parsed from file
2022-09-09 11:48:27,006 INFO c.e.l.s.LogbackServiceImpl [restartedMain] LogbackSheet(no=5, timestamp=2022-09-09T11:44:45.023219, className=LogbackServiceImpl)
2022-09-09 11:48:27,021 TRACE c.e.l.s.LogbackServiceImpl [restartedMain] Logback Sheet created successfully
2022-09-09 11:48:27,022 DEBUG c.e.l.a.LoggingAspect [restartedMain] Execution of LogbackServiceImpl.runServiceCall :: :::null - Ended
2022-09-09 11:48:27,022 DEBUG c.e.l.a.LoggingAspect [restartedMain] Execution of LogbackApplication.run :: args:::null - Ended
2022-09-09 11:48:30,007 DEBUG c.e.l.a.LoggingAspect [scheduling-1] Execution of LogbackServiceImpl.runServiceCall - Started
2022-09-09 11:48:30,019 TRACE c.e.l.s.LogbackServiceImpl [scheduling-1] Logback Sheet successfully parsed from file
2022-09-09 11:48:30,019 INFO c.e.l.s.LogbackServiceImpl [scheduling-1] LogbackSheet(no=1, timestamp=2022-09-09T11:48:27.008749600, className=LogbackServiceImpl)
2022-09-09 11:48:30,022 TRACE c.e.l.s.LogbackServiceImpl [scheduling-1] Logback Sheet created successfully
2022-09-09 11:48:30,023 DEBUG c.e.l.a.LoggingAspect [scheduling-1] Execution of LogbackServiceImpl.runServiceCall :: :::null - Ended
2022-09-09 11:48:35,007 DEBUG c.e.l.a.LoggingAspect [scheduling-1] Execution of LogbackServiceImpl.runServiceCall - Started
2022-09-09 11:48:35,028 TRACE c.e.l.s.LogbackServiceImpl [scheduling-1] Logback Sheet successfully parsed from file
2022-09-09 11:48:35,029 INFO c.e.l.s.LogbackServiceImpl [scheduling-1] LogbackSheet(no=2, timestamp=2022-09-09T11:48:30.020011900, className=LogbackServiceImpl)
2022-09-09 11:48:35,031 TRACE c.e.l.s.LogbackServiceImpl [scheduling-1] Logback Sheet created successfully
2022-09-09 11:48:35,033 DEBUG c.e.l.a.LoggingAspect [scheduling-1] Execution of LogbackServiceImpl.runServiceCall :: :::null - Ended
2022-09-09 11:48:37,422 INFO o.s.b.a.SpringApplicationAdminMXBeanRegistrar$SpringApplicationAdmin [RMI TCP Connection(8)-127.0.0.1] Application shutdown requested.
